<?xml version="1.0" encoding="UTF-8"?>

<mule xmlns:xsi="http://www.w3.org/2001/XMLSchema-instance"
	xmlns:munit="http://www.mulesoft.org/schema/mule/munit" xmlns:munit-tools="http://www.mulesoft.org/schema/mule/munit-tools"
	xmlns="http://www.mulesoft.org/schema/mule/core" xmlns:doc="http://www.mulesoft.org/schema/mule/documentation"
	xsi:schemaLocation="
		http://www.mulesoft.org/schema/mule/core http://www.mulesoft.org/schema/mule/core/current/mule.xsd
		http://www.mulesoft.org/schema/mule/munit http://www.mulesoft.org/schema/mule/munit/current/mule-munit.xsd
		http://www.mulesoft.org/schema/mule/munit-tools  http://www.mulesoft.org/schema/mule/munit-tools/current/mule-munit-tools.xsd">
	<munit:config name="test-test-suite.xml" />
	<munit:test name="test-test-suite-testFlowTest" doc:id="c7eed537-6d5f-4663-b63d-219c30476936" description="Test">
		<munit:execution >
			<flow-ref doc:name="Flow-ref to testFlow" doc:id="3ebbb456-c010-47bc-b7f0-1b3b087857eb" name="testFlow"/>
		</munit:execution>
		<munit:validation >
			<logger level="INFO" doc:name="Logger" doc:id="46c90ea0-17ca-4933-9ff0-23a28114d2d9" message='"workinbg"'/>
		</munit:validation>
	</munit:test>


</mule>
